<?xml version="1.0" encoding="UTF-8"?>
<testsuite xmlns:xsi="http://www.w3.org/2001/XMLSchema-instance" xsi:noNamespaceSchemaLocation="https://maven.apache.org/surefire/maven-surefire-plugin/xsd/surefire-test-report.xsd" version="3.0.2" name="lab5.lehuyhung21066381.LeHuyHung21066381ApplicationTests" time="1.794" tests="1" errors="0" skipped="0" failures="0">
  <properties>
[...]
</properties>
  <testcase name="contextLoads" classname="lab5.lehuyhung21066381.LeHuyHung21066381ApplicationTests" time="0.714">
    <system-out><![CDATA[20:08:07.109 [main] INFO org.springframework.test.context.support.AnnotationConfigContextLoaderUtils -- Could not detect default configuration classes for test class [lab5.lehuyhung21066381.LeHuyHung21066381ApplicationTests]: LeHuyHung21066381ApplicationTests does not declare any static, non-private, non-final, nested classes annotated with @Configuration.
20:08:07.201 [main] INFO org.springframework.boot.test.context.SpringBootTestContextBootstrapper -- Found @SpringBootConfiguration lab5.lehuyhung21066381.LeHuyHung21066381Application for test class lab5.lehuyhung21066381.LeHuyHung21066381ApplicationTests
20:08:07.330 [main] INFO org.springframework.boot.devtools.restart.RestartApplicationListener -- Restart disabled due to context in which it is running

  .   ____          _            __ _ _
 /\\ / ___'_ __ _ _(_)_ __  __ _ \ \ \ \
( ( )\___ | '_ | '_| | '_ \/ _` | \ \ \ \
 \\/  ___)| |_)| | | | | || (_| |  ) ) ) )
  '  |____| .__|_| |_|_| |_\__, | / / / /
 =========|_|==============|___/=/_/_/_/

 :: Spring Boot ::                (v3.4.3)

2025-03-15T20:08:07.564+07:00  WARN 8380 --- [LeHuyHung-21066381] [           main] ory$DuplicateJsonObjectContextCustomizer : 

Found multiple occurrences of org.json.JSONObject on the class path:

	jar:file:/C:/Users/IUH-MOET/.m2/repository/com/vaadin/external/google/android-json/0.0.20131108.vaadin1/android-json-0.0.20131108.vaadin1.jar!/org/json/JSONObject.class
	jar:file:/C:/Users/IUH-MOET/.m2/repository/org/json/json/20240303/json-20240303.jar!/org/json/JSONObject.class

You may wish to exclude one of them to ensure predictable runtime behavior

2025-03-15T20:08:07.579+07:00  INFO 8380 --- [LeHuyHung-21066381] [           main] l.l.LeHuyHung21066381ApplicationTests    : Starting LeHuyHung21066381ApplicationTests using Java 17.0.8 with PID 8380 (started by IUH-MOET in T:\LeHuyHung-21066381)
2025-03-15T20:08:07.580+07:00  INFO 8380 --- [LeHuyHung-21066381] [           main] l.l.LeHuyHung21066381ApplicationTests    : No active profile set, falling back to 1 default profile: "default"
2025-03-15T20:08:08.050+07:00  INFO 8380 --- [LeHuyHung-21066381] [           main] l.l.LeHuyHung21066381ApplicationTests    : Started LeHuyHung21066381ApplicationTests in 0.73 seconds (process running for 1.482)
]]></system-out>
  </testcase>
</testsuite>